%
O978(UNI              )(KJ        )(              )()
G59X0Z100
G26
N11(SCHPLAN)
G22A1
G96V200M4
G92S2000
G0X62Z2
G1Z0.3F0.2
G1X-0.8
G1Z3
G0X100
G26M9
N1(SCHRUPP)
G22A2
G96V200M4
G92S2000
G0X62Z2
G88
G71P50Q60I0.2K0.1D1.5F0.13
G89
G26M9
N12(SCHLICHT)
G22A2
G96V200M4
G92S2000
N50G46
G0X45Z2
G1Z0F0.05
G1X55.54
G3X57.26Z-2.97R1.61
G1X50.09Z-5.24
G2X42.31Z-10.44R9.12
G3X40.87Z-13.51R1.72
G2X35.82Z-34.42R118
G3X35.71Z-37R1.39
G1X35.36Z-45.5
G3X27.25Z-51.51R6.01
G1X21.11Z-52.56
G1X21.11Z-52.56
G2X18.21Z-54.59R2.15
G1Z-63.6
G1X62
N60G40
G1Z-67
G0Z2
G26M9
N6(ZENT)
G22A6
G97V200X6M3
G92S2000
G0X0Z5
G1Z-2F0.08
G0Z3
G26M9
N4(BOHREN)
G22A4
G97V200X6M3
G92S2000
G0X0Z5
G0Z3
G83Z-62D5H20F0.1
G26M9
N10(VOLLB)
G22A10
G97V200X6M3
G92S2000
G0X0.5Z5
G1Z-50F0.08
G0Z3
G26M9
N8(INNENSCH)
G22A8
G96V200M4
G92S1100
G0X7Z2
G71P65Q66I0.5K0.1D1F0.13
G0Z3
G26M9
N88(SCHLICHINNEN)
G22A8
G96V200M4
G92S600
N65G46
G0X60Z3
G1Z0F0.05
G1X55.54
G2X52.32Z-2.15R1.61
G1X46.76Z-3.96
G2X39.17Z-8.97R10.73
G2X31.85Z-36.86R118
G1Z-45.24
G3X23.09Z-50.21R5.13
G1X11.31Z-51.07
G1X7
G40
N66
G0Z3
G26M9
N222(AB)
G22A2
G96V80M4
G92S1000
G0X62Z-54
G46
G1X18.21F0.1
G1Z-58.89R2.15
G1X7
G0X100
G40
G0Z3
G26M9
M30
%
